# JRE version: Java(TM) SE Runtime Environment (8.0_301-b09) (build 1.8.0_301-b09)
# Java VM: Java HotSpot(TM) 64-Bit Server VM (25.301-b09 mixed mode windows-amd64 compressed oops)
Heap:
 PSYoungGen      total 105984K, used 3550K [0x000000076b000000, 0x0000000775080000, 0x00000007c0000000)
  eden space 95232K, 3% used [0x000000076b000000,0x000000076b377818,0x0000000770d00000)
  from space 10752K, 0% used [0x0000000770d00000,0x0000000770d00000,0x0000000771780000)
  to   space 10240K, 0% used [0x0000000774680000,0x0000000774680000,0x0000000775080000)
 ParOldGen       total 171008K, used 12844K [0x00000006c1000000, 0x00000006cb700000, 0x000000076b000000)
  object space 171008K, 7% used [0x00000006c1000000,0x00000006c1c8b188,0x00000006cb700000)
 Metaspace       used 33260K, capacity 36008K, committed 36224K, reserved 1081344K
  class space    used 4419K, capacity 4902K, committed 4992K, reserved 1048576K
GC Heap History (10 events):
Event: 1.272 GC heap before
{Heap before GC invocations=3 (full 1):
 PSYoungGen      total 76288K, used 10055K [0x000000076b000000, 0x0000000774500000, 0x00000007c0000000)
  eden space 65536K, 0% used [0x000000076b000000,0x000000076b000000,0x000000076f000000)
  from space 10752K, 93% used [0x000000076fa80000,0x0000000770451d38,0x0000000770500000)
  to   space 10752K, 0% used [0x000000076f000000,0x000000076f000000,0x000000076fa80000)
 ParOldGen       total 175104K, used 24K [0x00000006c1000000, 0x00000006cbb00000, 0x000000076b000000)
  object space 175104K, 0% used [0x00000006c1000000,0x00000006c1006000,0x00000006cbb00000)
 Metaspace       used 19619K, capacity 21182K, committed 21296K, reserved 1067008K
  class space    used 2564K, capacity 2883K, committed 2944K, reserved 1048576K
Event: 1.291 GC heap after
Heap after GC invocations=3 (full 1):
 PSYoungGen      total 76288K, used 0K [0x000000076b000000, 0x0000000774500000, 0x00000007c0000000)
  eden space 65536K, 0% used [0x000000076b000000,0x000000076b000000,0x000000076f000000)
  from space 10752K, 0% used [0x000000076fa80000,0x000000076fa80000,0x0000000770500000)
  to   space 10752K, 0% used [0x000000076f000000,0x000000076f000000,0x000000076fa80000)
 ParOldGen       total 110592K, used 9567K [0x00000006c1000000, 0x00000006c7c00000, 0x000000076b000000)
  object space 110592K, 8% used [0x00000006c1000000,0x00000006c1957c40,0x00000006c7c00000)
 Metaspace       used 19619K, capacity 21182K, committed 21296K, reserved 1067008K
  class space    used 2564K, capacity 2883K, committed 2944K, reserved 1048576K
}
Event: 1.609 GC heap before
{Heap before GC invocations=4 (full 1):
 PSYoungGen      total 76288K, used 65536K [0x000000076b000000, 0x0000000774500000, 0x00000007c0000000)
  eden space 65536K, 100% used [0x000000076b000000,0x000000076f000000,0x000000076f000000)
  from space 10752K, 0% used [0x000000076fa80000,0x000000076fa80000,0x0000000770500000)
  to   space 10752K, 0% used [0x000000076f000000,0x000000076f000000,0x000000076fa80000)
 ParOldGen       total 110592K, used 9567K [0x00000006c1000000, 0x00000006c7c00000, 0x000000076b000000)
  object space 110592K, 8% used [0x00000006c1000000,0x00000006c1957c40,0x00000006c7c00000)
 Metaspace       used 24505K, capacity 26340K, committed 26368K, reserved 1073152K
  class space    used 3220K, capacity 3568K, committed 3584K, reserved 1048576K
Event: 1.613 GC heap after
Heap after GC invocations=4 (full 1):
 PSYoungGen      total 76288K, used 7960K [0x000000076b000000, 0x0000000772200000, 0x00000007c0000000)
  eden space 65536K, 0% used [0x000000076b000000,0x000000076b000000,0x000000076f000000)
  from space 10752K, 74% used [0x000000076f000000,0x000000076f7c6088,0x000000076fa80000)
  to   space 10752K, 0% used [0x0000000771780000,0x0000000771780000,0x0000000772200000)
 ParOldGen       total 110592K, used 9575K [0x00000006c1000000, 0x00000006c7c00000, 0x000000076b000000)
  object space 110592K, 8% used [0x00000006c1000000,0x00000006c1959c40,0x00000006c7c00000)
 Metaspace       used 24505K, capacity 26340K, committed 26368K, reserved 1073152K
  class space    used 3220K, capacity 3568K, committed 3584K, reserved 1048576K
}
Event: 2.078 GC heap before
{Heap before GC invocations=5 (full 1):
 PSYoungGen      total 76288K, used 73496K [0x000000076b000000, 0x0000000772200000, 0x00000007c0000000)
  eden space 65536K, 100% used [0x000000076b000000,0x000000076f000000,0x000000076f000000)
  from space 10752K, 74% used [0x000000076f000000,0x000000076f7c6088,0x000000076fa80000)
  to   space 10752K, 0% used [0x0000000771780000,0x0000000771780000,0x0000000772200000)
 ParOldGen       total 110592K, used 9575K [0x00000006c1000000, 0x00000006c7c00000, 0x000000076b000000)
  object space 110592K, 8% used [0x00000006c1000000,0x00000006c1959c40,0x00000006c7c00000)
 Metaspace       used 28305K, capacity 30456K, committed 30592K, reserved 1075200K
  class space    used 3759K, capacity 4164K, committed 4224K, reserved 1048576K
Event: 2.086 GC heap after
Heap after GC invocations=5 (full 1):
 PSYoungGen      total 105984K, used 7908K [0x000000076b000000, 0x0000000772380000, 0x00000007c0000000)
  eden space 95232K, 0% used [0x000000076b000000,0x000000076b000000,0x0000000770d00000)
  from space 10752K, 73% used [0x0000000771780000,0x0000000771f39388,0x0000000772200000)
  to   space 10752K, 0% used [0x0000000770d00000,0x0000000770d00000,0x0000000771780000)
 ParOldGen       total 110592K, used 9583K [0x00000006c1000000, 0x00000006c7c00000, 0x000000076b000000)
  object space 110592K, 8% used [0x00000006c1000000,0x00000006c195bc40,0x00000006c7c00000)
 Metaspace       used 28305K, capacity 30456K, committed 30592K, reserved 1075200K
  class space    used 3759K, capacity 4164K, committed 4224K, reserved 1048576K
}
Event: 2.445 GC heap before
{Heap before GC invocations=6 (full 1):
 PSYoungGen      total 105984K, used 65616K [0x000000076b000000, 0x0000000772380000, 0x00000007c0000000)
  eden space 95232K, 60% used [0x000000076b000000,0x000000076e85adc0,0x0000000770d00000)
  from space 10752K, 73% used [0x0000000771780000,0x0000000771f39388,0x0000000772200000)
  to   space 10752K, 0% used [0x0000000770d00000,0x0000000770d00000,0x0000000771780000)
 ParOldGen       total 110592K, used 9583K [0x00000006c1000000, 0x00000006c7c00000, 0x000000076b000000)
  object space 110592K, 8% used [0x00000006c1000000,0x00000006c195bc40,0x00000006c7c00000)
 Metaspace       used 33072K, capacity 35408K, committed 35496K, reserved 1079296K
  class space    used 4359K, capacity 4800K, committed 4864K, reserved 1048576K
Event: 2.453 GC heap after
Heap after GC invocations=6 (full 1):
 PSYoungGen      total 105984K, used 8036K [0x000000076b000000, 0x0000000775080000, 0x00000007c0000000)
  eden space 95232K, 0% used [0x000000076b000000,0x000000076b000000,0x0000000770d00000)
  from space 10752K, 74% used [0x0000000770d00000,0x00000007714d90a0,0x0000000771780000)
  to   space 10240K, 0% used [0x0000000774680000,0x0000000774680000,0x0000000775080000)
 ParOldGen       total 110592K, used 9655K [0x00000006c1000000, 0x00000006c7c00000, 0x000000076b000000)
  object space 110592K, 8% used [0x00000006c1000000,0x00000006c196dc50,0x00000006c7c00000)
 Metaspace       used 33072K, capacity 35408K, committed 35496K, reserved 1079296K
  class space    used 4359K, capacity 4800K, committed 4864K, reserved 1048576K
}
Event: 2.453 GC heap before
{Heap before GC invocations=7 (full 2):
 PSYoungGen      total 105984K, used 8036K [0x000000076b000000, 0x0000000775080000, 0x00000007c0000000)
  eden space 95232K, 0% used [0x000000076b000000,0x000000076b000000,0x0000000770d00000)
  from space 10752K, 74% used [0x0000000770d00000,0x00000007714d90a0,0x0000000771780000)
  to   space 10240K, 0% used [0x0000000774680000,0x0000000774680000,0x0000000775080000)
 ParOldGen       total 110592K, used 9655K [0x00000006c1000000, 0x00000006c7c00000, 0x000000076b000000)
  object space 110592K, 8% used [0x00000006c1000000,0x00000006c196dc50,0x00000006c7c00000)
 Metaspace       used 33072K, capacity 35408K, committed 35496K, reserved 1079296K
  class space    used 4359K, capacity 4800K, committed 4864K, reserved 1048576K
Event: 2.482 GC heap after
Heap after GC invocations=7 (full 2):
 PSYoungGen      total 105984K, used 0K [0x000000076b000000, 0x0000000775080000, 0x00000007c0000000)
  eden space 95232K, 0% used [0x000000076b000000,0x000000076b000000,0x0000000770d00000)
  from space 10752K, 0% used [0x0000000770d00000,0x0000000770d00000,0x0000000771780000)
  to   space 10240K, 0% used [0x0000000774680000,0x0000000774680000,0x0000000775080000)
 ParOldGen       total 171008K, used 12844K [0x00000006c1000000, 0x00000006cb700000, 0x000000076b000000)
  object space 171008K, 7% used [0x00000006c1000000,0x00000006c1c8b188,0x00000006cb700000)
 Metaspace       used 33072K, capacity 35408K, committed 35496K, reserved 1079296K
  class space    used 4359K, capacity 4800K, committed 4864K, reserved 1048576K
}

