# JRE version: Java(TM) SE Runtime Environment (8.0_301-b09) (build 1.8.0_301-b09)
# Java VM: Java HotSpot(TM) 64-Bit Server VM (25.301-b09 mixed mode windows-amd64 compressed oops)
Heap:
 PSYoungGen      total 105472K, used 57373K [0x000000076b000000, 0x0000000774d80000, 0x00000007c0000000)
  eden space 94720K, 60% used [0x000000076b000000,0x000000076e807478,0x0000000770c80000)
  from space 10752K, 0% used [0x0000000770c80000,0x0000000770c80000,0x0000000771700000)
  to   space 10240K, 0% used [0x0000000774380000,0x0000000774380000,0x0000000774d80000)
 ParOldGen       total 177664K, used 12868K [0x00000006c1000000, 0x00000006cbd80000, 0x000000076b000000)
  object space 177664K, 7% used [0x00000006c1000000,0x00000006c1c91320,0x00000006cbd80000)
 Metaspace       used 34992K, capacity 37808K, committed 38016K, reserved 1081344K
  class space    used 4662K, capacity 5176K, committed 5248K, reserved 1048576K
GC Heap History (10 events):
Event: 1.491 GC heap before
{Heap before GC invocations=3 (full 1):
 PSYoungGen      total 76288K, used 10047K [0x000000076b000000, 0x0000000774500000, 0x00000007c0000000)
  eden space 65536K, 0% used [0x000000076b000000,0x000000076b000000,0x000000076f000000)
  from space 10752K, 93% used [0x000000076fa80000,0x000000077044fe30,0x0000000770500000)
  to   space 10752K, 0% used [0x000000076f000000,0x000000076f000000,0x000000076fa80000)
 ParOldGen       total 175104K, used 32K [0x00000006c1000000, 0x00000006cbb00000, 0x000000076b000000)
  object space 175104K, 0% used [0x00000006c1000000,0x00000006c1008000,0x00000006cbb00000)
 Metaspace       used 19626K, capacity 21194K, committed 21296K, reserved 1067008K
  class space    used 2567K, capacity 2885K, committed 2944K, reserved 1048576K
Event: 1.511 GC heap after
Heap after GC invocations=3 (full 1):
 PSYoungGen      total 76288K, used 0K [0x000000076b000000, 0x0000000774500000, 0x00000007c0000000)
  eden space 65536K, 0% used [0x000000076b000000,0x000000076b000000,0x000000076f000000)
  from space 10752K, 0% used [0x000000076fa80000,0x000000076fa80000,0x0000000770500000)
  to   space 10752K, 0% used [0x000000076f000000,0x000000076f000000,0x000000076fa80000)
 ParOldGen       total 111616K, used 9574K [0x00000006c1000000, 0x00000006c7d00000, 0x000000076b000000)
  object space 111616K, 8% used [0x00000006c1000000,0x00000006c1959810,0x00000006c7d00000)
 Metaspace       used 19626K, capacity 21194K, committed 21296K, reserved 1067008K
  class space    used 2567K, capacity 2885K, committed 2944K, reserved 1048576K
}
Event: 1.842 GC heap before
{Heap before GC invocations=4 (full 1):
 PSYoungGen      total 76288K, used 65536K [0x000000076b000000, 0x0000000774500000, 0x00000007c0000000)
  eden space 65536K, 100% used [0x000000076b000000,0x000000076f000000,0x000000076f000000)
  from space 10752K, 0% used [0x000000076fa80000,0x000000076fa80000,0x0000000770500000)
  to   space 10752K, 0% used [0x000000076f000000,0x000000076f000000,0x000000076fa80000)
 ParOldGen       total 111616K, used 9574K [0x00000006c1000000, 0x00000006c7d00000, 0x000000076b000000)
  object space 111616K, 8% used [0x00000006c1000000,0x00000006c1959810,0x00000006c7d00000)
 Metaspace       used 24496K, capacity 26332K, committed 26368K, reserved 1073152K
  class space    used 3222K, capacity 3568K, committed 3584K, reserved 1048576K
Event: 1.846 GC heap after
Heap after GC invocations=4 (full 1):
 PSYoungGen      total 76288K, used 7909K [0x000000076b000000, 0x0000000772180000, 0x00000007c0000000)
  eden space 65536K, 0% used [0x000000076b000000,0x000000076b000000,0x000000076f000000)
  from space 10752K, 73% used [0x000000076f000000,0x000000076f7b96f8,0x000000076fa80000)
  to   space 10752K, 0% used [0x0000000771700000,0x0000000771700000,0x0000000772180000)
 ParOldGen       total 111616K, used 9582K [0x00000006c1000000, 0x00000006c7d00000, 0x000000076b000000)
  object space 111616K, 8% used [0x00000006c1000000,0x00000006c195b810,0x00000006c7d00000)
 Metaspace       used 24496K, capacity 26332K, committed 26368K, reserved 1073152K
  class space    used 3222K, capacity 3568K, committed 3584K, reserved 1048576K
}
Event: 2.306 GC heap before
{Heap before GC invocations=5 (full 1):
 PSYoungGen      total 76288K, used 73445K [0x000000076b000000, 0x0000000772180000, 0x00000007c0000000)
  eden space 65536K, 100% used [0x000000076b000000,0x000000076f000000,0x000000076f000000)
  from space 10752K, 73% used [0x000000076f000000,0x000000076f7b96f8,0x000000076fa80000)
  to   space 10752K, 0% used [0x0000000771700000,0x0000000771700000,0x0000000772180000)
 ParOldGen       total 111616K, used 9582K [0x00000006c1000000, 0x00000006c7d00000, 0x000000076b000000)
  object space 111616K, 8% used [0x00000006c1000000,0x00000006c195b810,0x00000006c7d00000)
 Metaspace       used 28256K, capacity 30436K, committed 30592K, reserved 1075200K
  class space    used 3755K, capacity 4164K, committed 4224K, reserved 1048576K
Event: 2.313 GC heap after
Heap after GC invocations=5 (full 1):
 PSYoungGen      total 105472K, used 7891K [0x000000076b000000, 0x0000000772300000, 0x00000007c0000000)
  eden space 94720K, 0% used [0x000000076b000000,0x000000076b000000,0x0000000770c80000)
  from space 10752K, 73% used [0x0000000771700000,0x0000000771eb4f88,0x0000000772180000)
  to   space 10752K, 0% used [0x0000000770c80000,0x0000000770c80000,0x0000000771700000)
 ParOldGen       total 111616K, used 9590K [0x00000006c1000000, 0x00000006c7d00000, 0x000000076b000000)
  object space 111616K, 8% used [0x00000006c1000000,0x00000006c195d810,0x00000006c7d00000)
 Metaspace       used 28256K, capacity 30436K, committed 30592K, reserved 1075200K
  class space    used 3755K, capacity 4164K, committed 4224K, reserved 1048576K
}
Event: 2.668 GC heap before
{Heap before GC invocations=6 (full 1):
 PSYoungGen      total 105472K, used 66445K [0x000000076b000000, 0x0000000772300000, 0x00000007c0000000)
  eden space 94720K, 61% used [0x000000076b000000,0x000000076e92e610,0x0000000770c80000)
  from space 10752K, 73% used [0x0000000771700000,0x0000000771eb4f88,0x0000000772180000)
  to   space 10752K, 0% used [0x0000000770c80000,0x0000000770c80000,0x0000000771700000)
 ParOldGen       total 111616K, used 9590K [0x00000006c1000000, 0x00000006c7d00000, 0x000000076b000000)
  object space 111616K, 8% used [0x00000006c1000000,0x00000006c195d810,0x00000006c7d00000)
 Metaspace       used 33070K, capacity 35390K, committed 35496K, reserved 1079296K
  class space    used 4358K, capacity 4797K, committed 4864K, reserved 1048576K
Event: 2.673 GC heap after
Heap after GC invocations=6 (full 1):
 PSYoungGen      total 105472K, used 8115K [0x000000076b000000, 0x0000000774d80000, 0x00000007c0000000)
  eden space 94720K, 0% used [0x000000076b000000,0x000000076b000000,0x0000000770c80000)
  from space 10752K, 75% used [0x0000000770c80000,0x000000077146cff8,0x0000000771700000)
  to   space 10240K, 0% used [0x0000000774380000,0x0000000774380000,0x0000000774d80000)
 ParOldGen       total 111616K, used 9662K [0x00000006c1000000, 0x00000006c7d00000, 0x000000076b000000)
  object space 111616K, 8% used [0x00000006c1000000,0x00000006c196f820,0x00000006c7d00000)
 Metaspace       used 33070K, capacity 35390K, committed 35496K, reserved 1079296K
  class space    used 4358K, capacity 4797K, committed 4864K, reserved 1048576K
}
Event: 2.673 GC heap before
{Heap before GC invocations=7 (full 2):
 PSYoungGen      total 105472K, used 8115K [0x000000076b000000, 0x0000000774d80000, 0x00000007c0000000)
  eden space 94720K, 0% used [0x000000076b000000,0x000000076b000000,0x0000000770c80000)
  from space 10752K, 75% used [0x0000000770c80000,0x000000077146cff8,0x0000000771700000)
  to   space 10240K, 0% used [0x0000000774380000,0x0000000774380000,0x0000000774d80000)
 ParOldGen       total 111616K, used 9662K [0x00000006c1000000, 0x00000006c7d00000, 0x000000076b000000)
  object space 111616K, 8% used [0x00000006c1000000,0x00000006c196f820,0x00000006c7d00000)
 Metaspace       used 33070K, capacity 35390K, committed 35496K, reserved 1079296K
  class space    used 4358K, capacity 4797K, committed 4864K, reserved 1048576K
Event: 2.704 GC heap after
Heap after GC invocations=7 (full 2):
 PSYoungGen      total 105472K, used 0K [0x000000076b000000, 0x0000000774d80000, 0x00000007c0000000)
  eden space 94720K, 0% used [0x000000076b000000,0x000000076b000000,0x0000000770c80000)
  from space 10752K, 0% used [0x0000000770c80000,0x0000000770c80000,0x0000000771700000)
  to   space 10240K, 0% used [0x0000000774380000,0x0000000774380000,0x0000000774d80000)
 ParOldGen       total 177664K, used 12868K [0x00000006c1000000, 0x00000006cbd80000, 0x000000076b000000)
  object space 177664K, 7% used [0x00000006c1000000,0x00000006c1c91320,0x00000006cbd80000)
 Metaspace       used 33070K, capacity 35390K, committed 35496K, reserved 1079296K
  class space    used 4358K, capacity 4797K, committed 4864K, reserved 1048576K
}

